<?xml version="1.0" encoding="UTF-8"?>
<!-- Generated by org.testng.reporters.JUnitReportReporter -->
<testsuite skipped="0" hostname="BICY5QHRAR" name="AnalyticsTests.testTest" tests="2" failures="0" timestamp="2019-11-28T15:35:49 CST" time="18.750" errors="0">
  <testcase name="ValidateProductCategoryIsProvidedInPriceLineResponses_22S4_004" time="18.750" classname="AnalyticsTests.testTest"/>
  <testcase name="test" time="0.000" classname="AnalyticsTests.testTest"/>
</testsuite> <!-- AnalyticsTests.testTest -->
