<?xml version="1.0" encoding="UTF-8"?>
<!-- Generated by org.testng.reporters.JUnitReportReporter -->
<testsuite skipped="0" hostname="BICY5QHRAR" name="AnalyticsTests.AppTest" tests="1" failures="0" timestamp="2019-11-28T15:35:49 CST" time="0.003" errors="0">
  <testcase name="testApp" time="0.003" classname="AnalyticsTests.AppTest"/>
</testsuite> <!-- AnalyticsTests.AppTest -->
