<?xml version="1.0" encoding="UTF-8"?>
<!-- Generated by org.testng.reporters.JUnitReportReporter -->
<testsuite skipped="0" hostname="BICY5QHRAR" name="AnalyticsTests.test1" tests="1" failures="0" timestamp="2019-12-10T12:13:00 CST" time="41.958" errors="0">
  <testcase name="testxml" time="41.958" classname="AnalyticsTests.test1"/>
</testsuite> <!-- AnalyticsTests.test1 -->
